0036527895
================

=== UNARCHIVE AND STRUCTURE ===
OK!

=== COMPILE ===
OK!

=== EVALUATION ===

=== TOTAL RESULTS ===
5 / 5 tests passed. (100.00%)

== GENETIC ALGORITHM NEURAL NET ==
java -cp target/classes -Dfile.encoding=UTF-8 ui.Solution --train sine_train.txt --test sine_test.txt --nn 5s --popsize 10 --elitism 1 --p 0.1 --K 0.1 --iter 2000
--> Complete obtained output:
[Train error @2000]: 0.12453010416971962
[Test error]: 0.11026466961498889
java -cp target/classes -Dfile.encoding=UTF-8 ui.Solution --train sine_train.txt --test sine_test.txt --nn 20s --popsize 10 --elitism 1 --p 0.7 --K 0.1 --iter 2000
--> Complete obtained output:
[Train error @2000]: 0.014043397025336085
[Test error]: 0.012564997736592998
java -cp target/classes -Dfile.encoding=UTF-8 ui.Solution --train sine_train.txt --test sine_test.txt --nn 5s5s --popsize 10 --elitism 1 --p 0.7 --K 0.1 --iter 2000
--> Complete obtained output:
[Train error @2000]: 0.006607051741528114
[Test error]: 0.00607157884043903
java -cp target/classes -Dfile.encoding=UTF-8 ui.Solution --train rastrigin_train.txt --test rastrigin_test.txt --nn 5s --popsize 10 --elitism 1 --p 0.3 --K 0.5 --iter 2000
--> Complete obtained output:
[Train error @2000]: 91.9678178011115
[Test error]: 87.287349072527
java -cp target/classes -Dfile.encoding=UTF-8 ui.Solution --train rosenbrock_train.txt --test rosenbrock_test.txt --nn 5s --popsize 10 --elitism 1 --p 0.5 --K 4. --iter 2000
--> Complete obtained output:
[Train error @2000]: 391323.4361261941
[Test error]: 362115.1389614408
